{
  "RSpec": {
    "coverage": {
      "/Users/dillondowney/Development/Projects/dillondowney.herokuapp.com/spec/features/image_upload_pages_spec.rb": [
        1,
        null,
        1,
        1,
        2,
        null,
        null,
        1,
        1,
        1,
        1,
        1,
        1,
        1,
        1,
        1,
        0,
        0,
        null,
        null,
        1,
        1,
        1,
        1,
        null,
        0,
        0,
        0,
        null,
        null,
        null,
        1,
        3,
        1,
        1,
        null,
        1,
        1,
        null,
        null
      ],
      "/Users/dillondowney/Development/Projects/dillondowney.herokuapp.com/spec/rails_helper.rb": [
        null,
        1,
        1,
        null,
        1,
        1,
        1,
        null,
        null,
        null,
        null,
        null,
        null,
        null,
        null,
        null,
        null,
        null,
        null,
        null,
        null,
        null,
        null,
        null,
        null,
        null,
        1,
        null,
        1,
        null,
        1,
        null,
        null,
        null,
        null,
        1,
        null,
        null,
        null,
        null,
        null,
        null,
        null,
        null,
        null,
        null,
        null,
        null,
        null,
        null,
        1,
        null,
        null,
        1,
        null,
        null,
        null,
        null,
        1,
        1,
        1,
        1,
        null,
        null
      ],
      "/Users/dillondowney/Development/Projects/dillondowney.herokuapp.com/config/environment.rb": [
        null,
        1,
        null,
        null,
        1
      ],
      "/Users/dillondowney/Development/Projects/dillondowney.herokuapp.com/config/application.rb": [
        1,
        null,
        1,
        null,
        1,
        1,
        1,
        1,
        1,
        1,
        1,
        null,
        null,
        null,
        null,
        1,
        null,
        1,
        1,
        null,
        null,
        null,
        null,
        null,
        null,
        null,
        null,
        null,
        null,
        null,
        null,
        null,
        1,
        null,
        null
      ],
      "/Users/dillondowney/Development/Projects/dillondowney.herokuapp.com/config/boot.rb": [
        1,
        null,
        1
      ],
      "/Users/dillondowney/Development/Projects/dillondowney.herokuapp.com/config/environments/test.rb": [
        1,
        null,
        null,
        null,
        null,
        null,
        null,
        null,
        1,
        null,
        null,
        null,
        null,
        1,
        null,
        null,
        1,
        1,
        null,
        null,
        1,
        1,
        null,
        null,
        1,
        null,
        null,
        1,
        null,
        null,
        null,
        null,
        1,
        null,
        null,
        1,
        null,
        null,
        1,
        null,
        null,
        null,
        null
      ],
      "/Users/dillondowney/Development/Projects/dillondowney.herokuapp.com/config/initializers/assets.rb": [
        null,
        null,
        null,
        1,
        null,
        null,
        null,
        null,
        null,
        null,
        null
      ],
      "/Users/dillondowney/Development/Projects/dillondowney.herokuapp.com/config/initializers/backtrace_silencers.rb": [
        null,
        null,
        null,
        null,
        null,
        null,
        null
      ],
      "/Users/dillondowney/Development/Projects/dillondowney.herokuapp.com/config/initializers/cookies_serializer.rb": [
        null,
        null,
        1
      ],
      "/Users/dillondowney/Development/Projects/dillondowney.herokuapp.com/config/initializers/filter_parameter_logging.rb": [
        null,
        null,
        null,
        1
      ],
      "/Users/dillondowney/Development/Projects/dillondowney.herokuapp.com/config/initializers/inflections.rb": [
        null,
        null,
        null,
        null,
        null,
        null,
        null,
        null,
        null,
        null,
        null,
        null,
        null,
        null,
        null,
        null
      ],
      "/Users/dillondowney/Development/Projects/dillondowney.herokuapp.com/config/initializers/mime_types.rb": [
        null,
        null,
        null,
        null
      ],
      "/Users/dillondowney/Development/Projects/dillondowney.herokuapp.com/config/initializers/session_store.rb": [
        null,
        null,
        1
      ],
      "/Users/dillondowney/Development/Projects/dillondowney.herokuapp.com/config/initializers/wrap_parameters.rb": [
        null,
        null,
        null,
        null,
        null,
        null,
        1,
        1,
        null,
        null,
        null,
        null,
        null,
        null
      ],
      "/Users/dillondowney/Development/Projects/dillondowney.herokuapp.com/app/controllers/application_controller.rb": [
        1,
        null,
        null,
        1,
        null,
        null,
        1,
        null,
        1,
        3,
        3,
        3,
        3,
        3,
        null,
        3,
        null,
        null,
        null,
        null,
        null,
        null,
        null,
        null,
        null,
        null,
        null,
        null,
        null,
        null,
        null,
        null,
        null,
        null,
        null,
        null,
        null,
        3,
        3,
        null,
        null
      ],
      "/Users/dillondowney/Development/Projects/dillondowney.herokuapp.com/app/helpers/application_helper.rb": [
        1,
        null,
        1,
        3,
        null,
        null,
        1,
        3,
        3,
        null,
        0,
        null,
        null,
        null
      ],
      "/Users/dillondowney/Development/Projects/dillondowney.herokuapp.com/app/controllers/projects_controller.rb": [
        1,
        1,
        null,
        1,
        0,
        0,
        null,
        null,
        1,
        1,
        null,
        null,
        1,
        0,
        0,
        0,
        0,
        null,
        0,
        0,
        null,
        null,
        null,
        1,
        null,
        null,
        1,
        null,
        null,
        1,
        0,
        0,
        0,
        null,
        0,
        0,
        null,
        null,
        null,
        1,
        0,
        0,
        0,
        null,
        0,
        0,
        null,
        null,
        null,
        1,
        null,
        1,
        0,
        null,
        null,
        null,
        null,
        null,
        null,
        null,
        null,
        null,
        1,
        0,
        null,
        null
      ],
      "/Users/dillondowney/Development/Projects/dillondowney.herokuapp.com/app/controllers/static_pages_controller.rb": [
        1,
        1,
        2,
        2,
        null,
        null
      ],
      "/Users/dillondowney/Development/Projects/dillondowney.herokuapp.com/app/models/project.rb": [
        1,
        1,
        null,
        null,
        null,
        null,
        null,
        null,
        null,
        null,
        1,
        null,
        null,
        1,
        null,
        null,
        null,
        null,
        null,
        null,
        null,
        null,
        null,
        null,
        null,
        1,
        null
      ],
      "/Users/dillondowney/Development/Projects/dillondowney.herokuapp.com/spec/factories/projects.rb": [
        1,
        1,
        1,
        1,
        1,
        1,
        1,
        1,
        3,
        3,
        3,
        3,
        null,
        null,
        1,
        1,
        null,
        null
      ],
      "/Users/dillondowney/Development/Projects/dillondowney.herokuapp.com/config/routes.rb": [
        1,
        1,
        null,
        1,
        null
      ]
    },
    "timestamp": 1463330602
  }
}
